2019-05-15 09:16:26,443 - Log.py - ERROR - 接口为：'bserver/record'，方法为：test_jrshujixiangqingye
参数为：body:test_jrshujixiangqingye
params:
错误信息为:
2019-05-15 09:16:28,203 - Log.py - ERROR - 接口为：'bserver/record'，方法为：test_jrshujixiangqingye
参数为：body:test_jrshujixiangqingye
params:
错误信息为:
2019-05-15 09:16:41,456 - Log.py - ERROR - 接口为：'bserver/record'，方法为：test_bangdingzhifubao
参数为：body:test_bangdingzhifubao
params:{"type":"01","aliPay":"ceshi1","userName":"ceshi"}
错误信息为:
2019-05-15 09:16:43,141 - Log.py - ERROR - 接口为：'bserver/record'，方法为：test_bangdingzhifubao
参数为：body:test_bangdingzhifubao
params:{"type":"01","aliPay":"","userName":"ceshi"}
错误信息为:
2019-05-15 09:16:44,756 - Log.py - ERROR - 接口为：'bserver/record'，方法为：test_bangdingzhifubao
参数为：body:test_bangdingzhifubao
params:{"type":"01","aliPay":"ceshi","userName":""}
错误信息为:
2019-05-15 09:16:46,385 - Log.py - ERROR - 接口为：'bserver/record'，方法为：test_bangdingzhifubao
参数为：body:test_bangdingzhifubao
params:{"type":"01","aliPay":"","userName":""}
错误信息为:
2019-05-15 09:16:48,042 - Log.py - ERROR - 接口为：'bserver/record'，方法为：test_chakantixianlishi
参数为：body:test_chakantixianlishi
params:{"type":"01"}
错误信息为:
2019-05-15 09:16:49,655 - Log.py - ERROR - 接口为：'bserver/record'，方法为：test_huoquhaoyou
参数为：body:test_huoquhaoyou
params:{"type":"01"}
错误信息为:
2019-05-15 09:16:51,267 - Log.py - ERROR - 接口为：'bserver/record'，方法为：test_huoqutudiyuedu
参数为：body:test_huoqutudiyuedu
params:{"type":"01","page":"0"}
错误信息为:
2019-05-15 09:16:52,892 - Log.py - ERROR - 接口为：'bserver/record'，方法为：test_jinrutixian
参数为：body:test_jinrutixian
params:{"type":"00"}
错误信息为:
2019-05-15 09:16:54,508 - Log.py - ERROR - 接口为：'bserver/record'，方法为：test_jinruwode
参数为：body:test_jinruwode
params:{"type":"00"}
错误信息为:
2019-05-15 09:16:56,114 - Log.py - ERROR - 接口为：'bserver/record'，方法为：test_jinruxiaoxizhongxin
参数为：body:test_jinruxiaoxizhongxin
params:{"type":"00"}
错误信息为:
2019-05-15 09:16:57,736 - Log.py - ERROR - 接口为：'bserver/record'，方法为：test_jinruyaoqingye
参数为：body:test_jinruyaoqingye
params:{"type":"00"}
错误信息为:
2019-05-15 09:16:59,356 - Log.py - ERROR - 接口为：'bserver/record'，方法为：test_lianxikefu
参数为：body:test_lianxikefu
params:{"type":"02","content":"13012312312","desc":"test"}
错误信息为:
2019-05-15 09:17:00,967 - Log.py - ERROR - 接口为：'bserver/record'，方法为：test_lianxikefu
参数为：body:test_lianxikefu
params:{"type":"02","content":"","desc":"test"}
错误信息为:
2019-05-15 09:17:02,587 - Log.py - ERROR - 接口为：'bserver/record'，方法为：test_lianxikefu
参数为：body:test_lianxikefu
params:{"type":"02","content":"13012312312","desc":""}
错误信息为:
2019-05-15 09:17:04,221 - Log.py - ERROR - 接口为：'bserver/record'，方法为：test_lianxikefu
参数为：body:test_lianxikefu
params:{"type":"02","content":"123123","desc":""}
错误信息为:
2019-05-15 09:17:05,834 - Log.py - ERROR - 接口为：'bserver/record'，方法为：test_lianxikefu
参数为：body:test_lianxikefu
params:{"type":"02","content":"13012312312","desc":"123123"}
错误信息为:
2019-05-15 09:17:07,446 - Log.py - ERROR - 接口为：'bserver/record'，方法为：test_tixianxiadan
参数为：body:test_tixianxiadan
params:{"type":"00","seqNum":"1","channel":"alipay","users":{"moIMEI":"86603936330893","deviceId":"test","clientId":"test"}}
错误信息为:
2019-05-15 09:17:09,057 - Log.py - ERROR - 接口为：'bserver/record'，方法为：test_tuichuxiaoxizhongxin
参数为：body:test_tuichuxiaoxizhongxin
params:{"type":"01"}
错误信息为:
2019-05-15 09:17:10,715 - Log.py - ERROR - 接口为：'bserver/record'，方法为：test_huoquliulanjilu
参数为：body:test_huoquliulanjilu
params:{"page":"0"}
错误信息为:
2019-05-15 09:17:12,329 - Log.py - ERROR - 接口为：'bserver/record'，方法为：test_huoquliulanjilu
参数为：body:test_huoquliulanjilu
params:{"page":"1"}
错误信息为:
2019-05-15 09:17:13,943 - Log.py - ERROR - 接口为：'bserver/record'，方法为：test_jiarushujia
参数为：body:test_jiarushujia
params:{"bookCode":["MY_7860"]}
错误信息为:
2019-05-15 09:17:15,530 - Log.py - ERROR - 接口为：'bserver/record'，方法为：test_jinrushujia
参数为：body:test_jinrushujia
params:{"type":"00"}
错误信息为:
2019-05-15 09:17:17,132 - Log.py - ERROR - 接口为：'bserver/record'，方法为：test_renqibangshudan
参数为：body:test_renqibangshudan
params:{"page":"0","sex":"1"}
错误信息为:
2019-05-15 09:17:18,726 - Log.py - ERROR - 接口为：'bserver/record'，方法为：test_renqibangshudan
参数为：body:test_renqibangshudan
params:{"page":"1","sex":"1"}
错误信息为:
2019-05-15 09:17:20,329 - Log.py - ERROR - 接口为：'bserver/record'，方法为：test_renqibangshudan
参数为：body:test_renqibangshudan
params:{"page":"0","sex":"2"}
错误信息为:
2019-05-15 09:17:21,940 - Log.py - ERROR - 接口为：'bserver/record'，方法为：test_shujizhiding
参数为：body:test_shujizhiding
params:{"bookCode":"MY_7860","code":"2"}
错误信息为:
2019-05-15 11:15:00,555 - Log.py - ERROR - 接口为：'bserver/record'，方法为：test_jrshujixiangqingye
参数为：body:test_jrshujixiangqingye
params:
错误信息为:
2019-05-15 11:15:02,169 - Log.py - ERROR - 接口为：'bserver/record'，方法为：test_jrshujixiangqingye
参数为：body:test_jrshujixiangqingye
params:
错误信息为:
2019-05-15 11:33:08,044 - Log.py - ERROR - 接口为：'bserver/record'，方法为：test_jrshujixiangqingye
参数为：body:test_jrshujixiangqingye
params:
错误信息为:
2019-05-15 11:33:09,663 - Log.py - ERROR - 接口为：'bserver/record'，方法为：test_jrshujixiangqingye
参数为：body:test_jrshujixiangqingye
params:
错误信息为:
2019-05-15 11:38:30,867 - Log.py - ERROR - 接口为：'bserver/record'，方法为：test_jrshujixiangqingye
参数为：body:test_jrshujixiangqingye
params:
错误信息为:
2019-05-15 11:38:32,482 - Log.py - ERROR - 接口为：'bserver/record'，方法为：test_jrshujixiangqingye
参数为：body:test_jrshujixiangqingye
params:
错误信息为:
2019-05-15 14:17:31,895 - Log.py - ERROR - 接口为：'bserver/record'，方法为：test_jrshujixiangqingye
参数为：body:test_jrshujixiangqingye
params:
错误信息为:
2019-05-15 14:17:33,530 - Log.py - ERROR - 接口为：'bserver/record'，方法为：test_jrshujixiangqingye
参数为：body:test_jrshujixiangqingye
params:
错误信息为:
