2019-07-02 09:19:45,214 - Log.py - ERROR - 接口为：'bserver/record'，方法为：test_jrshujixiangqingye
参数为：body:test_jrshujixiangqingye
params:
错误信息为:
2019-07-02 10:22:48,334 - Log.py - ERROR - 接口为：'bserver/record'，方法为：test_jrshujixiangqingye
参数为：body:test_jrshujixiangqingye
params:
错误信息为:
2019-07-02 10:22:49,965 - Log.py - ERROR - 接口为：'bserver/record'，方法为：test_jrshujixiangqingye
参数为：body:test_jrshujixiangqingye
params:
错误信息为:
2019-07-02 10:23:06,582 - Log.py - ERROR - 接口为：'bserver/record'，方法为：test_bangdingzhifubao
参数为：body:test_bangdingzhifubao
params:{"type":"01","aliPay":"ceshi","userName":""}
错误信息为:
2019-07-02 10:24:09,910 - Log.py - ERROR - 接口为：'bserver/record'，方法为：test_chakantixianlishi
参数为：body:test_chakantixianlishi
params:{"type":"01"}
错误信息为:
2019-07-02 10:24:14,844 - Log.py - ERROR - 接口为：'bserver/record'，方法为：test_jinrutixian
参数为：body:test_jinrutixian
params:{"type":"00"}
错误信息为:
2019-07-02 10:24:29,518 - Log.py - ERROR - 接口为：'bserver/record'，方法为：test_tixianxiadan
参数为：body:test_tixianxiadan
params:{"type":"00","seqNum":"1","channel":"alipay","users":{"moIMEI":"86603936330893","deviceId":"test","clientId":"test"}}
错误信息为:
2019-07-02 10:24:31,252 - Log.py - ERROR - 接口为：'bserver/record'，方法为：test_tuichuxiaoxizhongxin
参数为：body:test_tuichuxiaoxizhongxin
params:{"type":"01"}
错误信息为:
2019-07-02 10:24:44,360 - Log.py - ERROR - 接口为：'bserver/record'，方法为：test_shujizhiding
参数为：body:test_shujizhiding
params:{"bookCode":"MY_7860","code":"2"}
错误信息为:
2019-07-02 10:40:10,684 - Log.py - ERROR - 接口为：'bserver/record'，方法为：test_jrshujixiangqingye
参数为：body:test_jrshujixiangqingye
params:
错误信息为:
2019-07-02 10:40:12,292 - Log.py - ERROR - 接口为：'bserver/record'，方法为：test_jrshujixiangqingye
参数为：body:test_jrshujixiangqingye
params:
错误信息为:
2019-07-02 10:40:28,646 - Log.py - ERROR - 接口为：'bserver/record'，方法为：test_bangdingzhifubao
参数为：body:test_bangdingzhifubao
params:{"type":"01","aliPay":"ceshi","userName":""}
错误信息为:
2019-07-02 10:41:31,989 - Log.py - ERROR - 接口为：'bserver/record'，方法为：test_chakantixianlishi
参数为：body:test_chakantixianlishi
params:{"type":"01"}
错误信息为:
2019-07-02 10:41:36,910 - Log.py - ERROR - 接口为：'bserver/record'，方法为：test_jinrutixian
参数为：body:test_jinrutixian
params:{"type":"00"}
错误信息为:
2019-07-02 10:41:51,458 - Log.py - ERROR - 接口为：'bserver/record'，方法为：test_tixianxiadan
参数为：body:test_tixianxiadan
params:{"type":"00","seqNum":"1","channel":"alipay","users":{"moIMEI":"86603936330893","deviceId":"test","clientId":"test"}}
错误信息为:
2019-07-02 10:41:53,062 - Log.py - ERROR - 接口为：'bserver/record'，方法为：test_tuichuxiaoxizhongxin
参数为：body:test_tuichuxiaoxizhongxin
params:{"type":"01"}
错误信息为:
2019-07-02 10:42:06,171 - Log.py - ERROR - 接口为：'bserver/record'，方法为：test_shujizhiding
参数为：body:test_shujizhiding
params:{"bookCode":"MY_7860","code":"2"}
错误信息为:
2019-07-02 11:07:13,879 - Log.py - ERROR - 接口为：'bserver/record'，方法为：test_jrshujixiangqingye
参数为：body:test_jrshujixiangqingye
params:
错误信息为:
2019-07-02 11:07:15,496 - Log.py - ERROR - 接口为：'bserver/record'，方法为：test_jrshujixiangqingye
参数为：body:test_jrshujixiangqingye
params:
错误信息为:
2019-07-02 11:07:32,152 - Log.py - ERROR - 接口为：'bserver/record'，方法为：test_bangdingzhifubao
参数为：body:test_bangdingzhifubao
params:{"type":"01","aliPay":"ceshi","userName":""}
错误信息为:
2019-07-02 11:08:35,559 - Log.py - ERROR - 接口为：'bserver/record'，方法为：test_chakantixianlishi
参数为：body:test_chakantixianlishi
params:{"type":"01"}
错误信息为:
2019-07-02 11:08:40,497 - Log.py - ERROR - 接口为：'bserver/record'，方法为：test_jinrutixian
参数为：body:test_jinrutixian
params:{"type":"00"}
错误信息为:
2019-07-02 11:08:55,280 - Log.py - ERROR - 接口为：'bserver/record'，方法为：test_tixianxiadan
参数为：body:test_tixianxiadan
params:{"type":"00","seqNum":"1","channel":"alipay","users":{"moIMEI":"86603936330893","deviceId":"test","clientId":"test"}}
错误信息为:
2019-07-02 11:08:56,937 - Log.py - ERROR - 接口为：'bserver/record'，方法为：test_tuichuxiaoxizhongxin
参数为：body:test_tuichuxiaoxizhongxin
params:{"type":"01"}
错误信息为:
2019-07-02 11:09:10,458 - Log.py - ERROR - 接口为：'bserver/record'，方法为：test_shujizhiding
参数为：body:test_shujizhiding
params:{"bookCode":"MY_7860","code":"2"}
错误信息为:
2019-07-02 11:34:34,280 - Log.py - ERROR - 接口为：'bserver/record'，方法为：test_jrshujixiangqingye
参数为：body:test_jrshujixiangqingye
params:
错误信息为:
2019-07-02 11:34:35,937 - Log.py - ERROR - 接口为：'bserver/record'，方法为：test_jrshujixiangqingye
参数为：body:test_jrshujixiangqingye
params:
错误信息为:
2019-07-02 11:34:52,787 - Log.py - ERROR - 接口为：'bserver/record'，方法为：test_bangdingzhifubao
参数为：body:test_bangdingzhifubao
params:{"type":"01","aliPay":"ceshi","userName":""}
错误信息为:
2019-07-02 11:35:56,263 - Log.py - ERROR - 接口为：'bserver/record'，方法为：test_chakantixianlishi
参数为：body:test_chakantixianlishi
params:{"type":"01"}
错误信息为:
2019-07-02 11:36:01,205 - Log.py - ERROR - 接口为：'bserver/record'，方法为：test_jinrutixian
参数为：body:test_jinrutixian
params:{"type":"00"}
错误信息为:
2019-07-02 11:36:15,945 - Log.py - ERROR - 接口为：'bserver/record'，方法为：test_tixianxiadan
参数为：body:test_tixianxiadan
params:{"type":"00","seqNum":"1","channel":"alipay","users":{"moIMEI":"86603936330893","deviceId":"test","clientId":"test"}}
错误信息为:
2019-07-02 11:36:17,625 - Log.py - ERROR - 接口为：'bserver/record'，方法为：test_tuichuxiaoxizhongxin
参数为：body:test_tuichuxiaoxizhongxin
params:{"type":"01"}
错误信息为:
2019-07-02 11:36:31,054 - Log.py - ERROR - 接口为：'bserver/record'，方法为：test_shujizhiding
参数为：body:test_shujizhiding
params:{"bookCode":"MY_7860","code":"2"}
错误信息为:
2019-07-02 17:47:48,393 - Log.py - ERROR - 接口为：'bserver/record'，方法为：test_jrshujixiangqingye
参数为：body:test_jrshujixiangqingye
params:
错误信息为:
2019-07-02 17:47:49,985 - Log.py - ERROR - 接口为：'bserver/record'，方法为：test_jrshujixiangqingye
参数为：body:test_jrshujixiangqingye
params:
错误信息为:
2019-07-02 17:48:06,298 - Log.py - ERROR - 接口为：'bserver/record'，方法为：test_bangdingzhifubao
参数为：body:test_bangdingzhifubao
params:{"type":"01","aliPay":"ceshi","userName":""}
错误信息为:
2019-07-02 17:49:09,669 - Log.py - ERROR - 接口为：'bserver/record'，方法为：test_chakantixianlishi
参数为：body:test_chakantixianlishi
params:{"type":"01"}
错误信息为:
2019-07-02 17:49:14,489 - Log.py - ERROR - 接口为：'bserver/record'，方法为：test_jinrutixian
参数为：body:test_jinrutixian
params:{"type":"00"}
错误信息为:
2019-07-02 17:49:28,917 - Log.py - ERROR - 接口为：'bserver/record'，方法为：test_tixianxiadan
参数为：body:test_tixianxiadan
params:{"type":"00","seqNum":"1","channel":"alipay","users":{"moIMEI":"86603936330893","deviceId":"test","clientId":"test"}}
错误信息为:
2019-07-02 17:49:30,507 - Log.py - ERROR - 接口为：'bserver/record'，方法为：test_tuichuxiaoxizhongxin
参数为：body:test_tuichuxiaoxizhongxin
params:{"type":"01"}
错误信息为:
2019-07-02 17:49:43,468 - Log.py - ERROR - 接口为：'bserver/record'，方法为：test_shujizhiding
参数为：body:test_shujizhiding
params:{"bookCode":"MY_7860","code":"2"}
错误信息为:
