2019-07-04 09:29:43,628 - Log.py - ERROR - 接口为：'bserver/record'，方法为：test_jrshujixiangqingye
参数为：body:test_jrshujixiangqingye
params:
错误信息为:
2019-07-04 09:29:45,247 - Log.py - ERROR - 接口为：'bserver/record'，方法为：test_jrshujixiangqingye
参数为：body:test_jrshujixiangqingye
params:
错误信息为:
2019-07-04 09:30:01,943 - Log.py - ERROR - 接口为：'bserver/record'，方法为：test_bangdingzhifubao
参数为：body:test_bangdingzhifubao
params:{"type":"01","aliPay":"ceshi","userName":""}
错误信息为:
2019-07-04 09:31:05,247 - Log.py - ERROR - 接口为：'bserver/record'，方法为：test_chakantixianlishi
参数为：body:test_chakantixianlishi
params:{"type":"01"}
错误信息为:
2019-07-04 09:31:10,160 - Log.py - ERROR - 接口为：'bserver/record'，方法为：test_jinrutixian
参数为：body:test_jinrutixian
params:{"type":"00"}
错误信息为:
2019-07-04 09:31:24,851 - Log.py - ERROR - 接口为：'bserver/record'，方法为：test_tixianxiadan
参数为：body:test_tixianxiadan
params:{"type":"00","seqNum":"1","channel":"alipay","users":{"moIMEI":"86603936330893","deviceId":"test","clientId":"test"}}
错误信息为:
2019-07-04 09:31:26,471 - Log.py - ERROR - 接口为：'bserver/record'，方法为：test_tuichuxiaoxizhongxin
参数为：body:test_tuichuxiaoxizhongxin
params:{"type":"01"}
错误信息为:
2019-07-04 09:31:39,871 - Log.py - ERROR - 接口为：'bserver/record'，方法为：test_shujizhiding
参数为：body:test_shujizhiding
params:{"bookCode":"MY_7860","code":"2"}
错误信息为:
2019-07-04 17:03:03,284 - Log.py - ERROR - 接口为：'bserver/record'，方法为：test_jrshujixiangqingye
参数为：body:test_jrshujixiangqingye
params:
错误信息为:
2019-07-04 18:02:55,598 - Log.py - ERROR - 接口为：'bserver/record'，方法为：test_jrshujixiangqingye
参数为：body:test_jrshujixiangqingye
params:
错误信息为:
2019-07-04 18:02:57,236 - Log.py - ERROR - 接口为：'bserver/record'，方法为：test_jrshujixiangqingye
参数为：body:test_jrshujixiangqingye
params:
错误信息为:
